# EXPLAIN in SQL

## What is EXPLAIN?

**EXPLAIN** is a SQL command that shows the execution plan of a query without actually running it. It reveals how the database engine will execute the query, including which indexes it will use, how tables will be joined, and the estimated cost of operations.

## Why Use EXPLAIN?

- **Performance Analysis**: Identify slow operations and bottlenecks
- **Index Optimization**: Determine if queries are using indexes effectively
- **Query Tuning**: Optimize query structure and logic
- **Cost Estimation**: Understand relative cost of different query approaches
- **Troubleshooting**: Debug unexpected query performance issues

## EXPLAIN Syntax by Database

### **PostgreSQL**
```sql
-- Basic explain
EXPLAIN SELECT * FROM users WHERE age > 25;

-- Detailed explain with actual execution stats
EXPLAIN (ANALYZE, BUFFERS, VERBOSE) 
SELECT * FROM users WHERE age > 25;

-- JSON format for programmatic analysis
EXPLAIN (FORMAT JSON, ANALYZE) 
SELECT * FROM users WHERE age > 25;
```

### **MySQL**
```sql
-- Basic explain
EXPLAIN SELECT * FROM users WHERE age > 25;

-- Extended explain with additional info
EXPLAIN FORMAT=JSON SELECT * FROM users WHERE age > 25;

-- Analyze actual execution
EXPLAIN ANALYZE SELECT * FROM users WHERE age > 25;
```

### **SQL Server**
```sql
-- Set statistics before query
SET STATISTICS IO ON;
SET STATISTICS TIME ON;

-- Show execution plan
SET SHOWPLAN_ALL ON;
SELECT * FROM users WHERE age > 25;
SET SHOWPLAN_ALL OFF;

-- Actual execution plan
SET STATISTICS PROFILE ON;
SELECT * FROM users WHERE age > 25;
SET STATISTICS PROFILE OFF;
```

### **Oracle**
```sql
-- Explain plan
EXPLAIN PLAN FOR 
SELECT * FROM users WHERE age > 25;

-- Display the plan
SELECT * FROM TABLE(DBMS_XPLAN.DISPLAY);

-- Autotrace for execution stats
SET AUTOTRACE ON;
SELECT * FROM users WHERE age > 25;
```

## Reading EXPLAIN Output

### **PostgreSQL Example**
```sql
EXPLAIN ANALYZE 
SELECT u.name, p.title 
FROM users u 
JOIN posts p ON u.id = p.user_id 
WHERE u.age > 25;
```

**Sample Output:**
```
Nested Loop  (cost=0.29..16.44 rows=3 width=68) (actual time=0.045..0.052 rows=3 loops=1)
  ->  Seq Scan on users u  (cost=0.00..1.05 rows=3 width=36) (actual time=0.011..0.013 rows=3 loops=1)
        Filter: (age > 25)
        Rows Removed by Filter: 2
  ->  Index Scan using posts_user_id_idx on posts p  (cost=0.29..5.13 rows=1 width=32) (actual time=0.011..0.012 rows=1 loops=3)
        Index Cond: (user_id = u.id)
Planning Time: 0.234 ms
Execution Time: 0.089 ms
```

### **Key Components Explained**

#### **Operation Types**
- **Seq Scan**: Sequential scan through entire table
- **Index Scan**: Using an index to find rows
- **Index Only Scan**: Data retrieved entirely from index
- **Nested Loop**: Join method for small datasets
- **Hash Join**: Join method for larger datasets
- **Merge Join**: Join method for sorted datasets

#### **Cost Information**
- **Startup Cost**: Cost before first row is returned
- **Total Cost**: Total estimated cost for operation
- **Rows**: Estimated number of rows returned
- **Width**: Average row size in bytes

#### **Actual Statistics (with ANALYZE)**
- **Actual Time**: Real execution time
- **Actual Rows**: Actual number of rows processed
- **Loops**: Number of times operation was executed

## Common Query Patterns and Their Plans

### **Table Scan vs Index Scan**

**Table Scan (Inefficient)**
```sql
-- Query without index
EXPLAIN SELECT * FROM users WHERE email = 'john@example.com';

-- Output shows Seq Scan
Seq Scan on users  (cost=0.00..1.05 rows=1 width=36)
  Filter: ((email)::text = 'john@example.com'::text)
```

**Index Scan (Efficient)**
```sql
-- After creating index
CREATE INDEX idx_users_email ON users(email);
EXPLAIN SELECT * FROM users WHERE email = 'john@example.com';

-- Output shows Index Scan
Index Scan using idx_users_email on users  (cost=0.29..8.30 rows=1 width=36)
  Index Cond: ((email)::text = 'john@example.com'::text)
```

### **Join Operations**

**Nested Loop Join (Small Tables)**
```sql
EXPLAIN 
SELECT u.name, p.title 
FROM users u 
JOIN posts p ON u.id = p.user_id 
WHERE u.id = 1;

-- Good for small result sets
Nested Loop  (cost=0.58..16.63 rows=2 width=68)
  ->  Index Scan using users_pkey on users u  (cost=0.29..8.30 rows=1 width=36)
  ->  Index Scan using posts_user_id_idx on posts p  (cost=0.29..8.31 rows=2 width=32)
```

**Hash Join (Larger Tables)**
```sql
EXPLAIN 
SELECT u.name, p.title 
FROM users u 
JOIN posts p ON u.id = p.user_id;

-- Good for larger datasets
Hash Join  (cost=1.08..2.19 rows=5 width=68)
  Hash Cond: (p.user_id = u.id)
  ->  Seq Scan on posts p  (cost=0.00..1.05 rows=5 width=32)
  ->  Hash  (cost=1.05..1.05 rows=5 width=36)
        ->  Seq Scan on users u  (cost=0.00..1.05 rows=5 width=36)
```

### **Sorting Operations**

**Sort Operation**
```sql
EXPLAIN 
SELECT * FROM users ORDER BY created_at DESC LIMIT 10;

-- May show external sort if data doesn't fit in memory
Sort  (cost=1.14..1.16 rows=5 width=36)
  Sort Key: created_at DESC
  ->  Seq Scan on users  (cost=0.00..1.05 rows=5 width=36)
```

**Index Sort (More Efficient)**
```sql
-- After creating index on created_at
CREATE INDEX idx_users_created_at ON users(created_at DESC);

-- Index eliminates need for separate sort
Index Scan using idx_users_created_at on users  (cost=0.29..0.43 rows=10 width=36)
```

## Performance Optimization Using EXPLAIN

### **Identifying Missing Indexes**

**Before Index**
```sql
EXPLAIN ANALYZE 
SELECT * FROM orders WHERE customer_id = 123 AND status = 'pending';

-- Shows sequential scan
Seq Scan on orders  (cost=0.00..22.50 rows=2 width=100) (actual time=0.234..0.456 rows=2 loops=1)
  Filter: ((customer_id = 123) AND ((status)::text = 'pending'::text))
  Rows Removed by Filter: 998
```

**After Composite Index**
```sql
CREATE INDEX idx_orders_customer_status ON orders(customer_id, status);

EXPLAIN ANALYZE 
SELECT * FROM orders WHERE customer_id = 123 AND status = 'pending';

-- Shows index scan
Index Scan using idx_orders_customer_status on orders  (cost=0.29..8.31 rows=2 width=100) (actual time=0.023..0.025 rows=2 loops=1)
  Index Cond: ((customer_id = 123) AND ((status)::text = 'pending'::text))
```

### **Optimizing JOIN Operations**

**Inefficient Join**
```sql
EXPLAIN ANALYZE
SELECT u.name, COUNT(p.id) as post_count
FROM users u
LEFT JOIN posts p ON u.email = p.author_email  -- Using email instead of ID
GROUP BY u.id, u.name;

-- May show expensive nested loop or hash join
```

**Optimized Join**
```sql
EXPLAIN ANALYZE
SELECT u.name, COUNT(p.id) as post_count
FROM users u
LEFT JOIN posts p ON u.id = p.user_id  -- Using indexed foreign key
GROUP BY u.id, u.name;

-- Shows more efficient join using indexes
```

### **Query Rewriting for Better Performance**

**Subquery (Often Slower)**
```sql
EXPLAIN ANALYZE
SELECT * FROM users 
WHERE id IN (
    SELECT user_id FROM posts WHERE created_at > '2024-01-01'
);

-- May show inefficient nested loop
```

**JOIN Rewrite (Often Faster)**
```sql
EXPLAIN ANALYZE
SELECT DISTINCT u.* 
FROM users u
JOIN posts p ON u.id = p.user_id 
WHERE p.created_at > '2024-01-01';

-- Often shows more efficient join operation
```

## Advanced EXPLAIN Features

### **Buffer Analysis (PostgreSQL)**
```sql
EXPLAIN (ANALYZE, BUFFERS) 
SELECT * FROM large_table WHERE indexed_column = 'value';

-- Shows buffer cache usage
Index Scan using idx_large_table on large_table  (cost=0.43..8.45 rows=1 width=100) (actual time=0.034..0.035 rows=1 loops=1)
  Index Cond: (indexed_column = 'value'::text)
  Buffers: shared hit=4
```

### **Timing Information**
```sql
EXPLAIN (ANALYZE, TIMING) 
SELECT * FROM complex_view;

-- Shows detailed timing for each operation
```

### **Format Options**
```sql
-- JSON format for programmatic processing
EXPLAIN (FORMAT JSON, ANALYZE) SELECT * FROM users;

-- YAML format
EXPLAIN (FORMAT YAML, ANALYZE) SELECT * FROM users;

-- XML format
EXPLAIN (FORMAT XML, ANALYZE) SELECT * FROM users;
```

## Interpreting Costs and Performance

### **Cost Units**
- **Arbitrary Units**: Costs are relative, not absolute time
- **Page Reads**: Based on estimated disk page reads
- **CPU Processing**: Processing cost for operations
- **Comparison**: Use costs to compare different query plans

### **Red Flags in EXPLAIN Output**
- **High Cost Operations**: Operations with disproportionately high costs
- **Sequential Scans**: On large tables without WHERE clause filtering
- **Nested Loops**: On large datasets (prefer hash/merge joins)
- **External Sorts**: Sorts that spill to disk
- **Many Rows Removed**: Filters removing most rows after scan

### **Performance Indicators**
```sql
-- Good indicators
Index Scan using primary_key_idx  -- Using primary key
Index Only Scan  -- Data from index only
Bitmap Index Scan  -- Efficient for multiple conditions

-- Warning indicators  
Seq Scan on large_table  -- Full table scan
Sort Method: external merge  -- Sort spilling to disk
Rows Removed by Filter: 9999  -- Inefficient filtering
```

## Tools and Visualization

### **pgAdmin (PostgreSQL)**
- Graphical execution plan visualization
- Interactive plan analysis
- Performance statistics integration

### **MySQL Workbench**
- Visual explain plans
- Query optimization suggestions
- Performance schema integration

### **SQL Server Management Studio**
- Graphical execution plans
- Missing index suggestions
- Query optimization advisor

### **Online Tools**
- **explain.depesz.com**: PostgreSQL plan visualization
- **explain.dalibo.com**: PostgreSQL plan analysis
- **Use The Index, Luke**: SQL indexing tutorial with examples

## Best Practices

### **Regular Analysis**
- **Profile Slow Queries**: Use EXPLAIN on queries taking >100ms
- **Index Maintenance**: Regularly check if indexes are being used
- **Plan Changes**: Monitor for execution plan regressions
- **Statistics Updates**: Keep database statistics current

### **Optimization Workflow**
1. **Identify Slow Queries**: Use query logs or monitoring tools
2. **Run EXPLAIN ANALYZE**: Get detailed execution plan
3. **Identify Bottlenecks**: Look for expensive operations
4. **Optimize**: Add indexes, rewrite queries, update statistics
5. **Verify**: Re-run EXPLAIN to confirm improvements
6. **Monitor**: Track performance over time

### **Common Optimizations**
- **Add Indexes**: On frequently filtered/joined columns
- **Composite Indexes**: For multi-column WHERE clauses
- **Covering Indexes**: Include all needed columns in index
- **Query Rewriting**: Change subqueries to JOINs
- **Statistics Updates**: Keep optimizer statistics current

## Summary

EXPLAIN is an essential tool for database performance optimization, providing insights into how queries execute and where bottlenecks occur. Regular use of EXPLAIN helps maintain optimal database performance as data and query patterns evolve.

**Key Benefits:**
- **Performance Visibility**: See exactly how queries execute
- **Optimization Guidance**: Identify specific performance improvements
- **Index Validation**: Verify that indexes are being used effectively
- **Cost Comparison**: Compare different query approaches objectively

**Best Practices:**
- **Use ANALYZE**: Get actual execution statistics, not just estimates
- **Focus on High Costs**: Optimize the most expensive operations first
- **Monitor Regularly**: Performance can degrade as data grows
- **Understand Your Database**: Each database has different EXPLAIN formats and features

**Optimization Process:**
1. **Measure**: Use EXPLAIN ANALYZE to baseline performance
2. **Analyze**: Identify expensive operations and missing indexes
3. **Optimize**: Apply targeted improvements (indexes, query rewrites)
4. **Verify**: Confirm improvements with EXPLAIN ANALYZE
5. **Monitor**: Track performance over time to catch regressions

EXPLAIN transforms database performance optimization from guesswork into data-driven decision making, making it an indispensable tool for anyone working with SQL databases.